<?xml version="1.0" encoding="UTF-8"?>
<testsuite name="Gestión de Reservas en el Inventario" tests="1" skipped="0" failures="1" errors="0" timestamp="2026-03-16T17:46:06" hostname="psofkaec082.sofka.local" time="5.005">
  <properties/>
  <testcase name="Flujo completo de creación y consulta de reserva de asiento" classname="Gestión de Reservas en el Inventario" time="5.005">
    <failure message="java.lang.AssertionError: 1 expectation failed.&#10;Expected status code &lt;201&gt; but was &lt;409&gt;.&#10;" type="java.lang.AssertionError">java.lang.AssertionError: 1 expectation failed.
Expected status code &lt;201&gt; but was &lt;409&gt;.

	at net.serenitybdd.screenplay.ErrorTally.throwSummaryExceptionFrom(ErrorTally.java:38)
	at net.serenitybdd.screenplay.ErrorTally.reportAnyErrors(ErrorTally.java:32)
	at net.serenitybdd.screenplay.Actor.should(Actor.java:397)
	at co.com.ticketing.api.stepdefinitions.InventoryStepDefinitions.elCodigoDeRespuestaDebeSer(InventoryStepDefinitions.java:66)
	at ✽.el código de respuesta debe ser 201(file:///home/jostin-alvarado/dev/AUTO_API_SCREENPLAY/src/test/resources/features/inventory/inventory_crud.feature:14)
</failure>
  </testcase>
  <system-out><![CDATA[]]></system-out>
  <system-err><![CDATA[[Test worker] INFO  - 
  _____   ___   ___   _____     ___   _____     _     ___   _____   ___   ___  
 |_   _| | __| / __| |_   _|   / __| |_   _|   /_\   | _ \ |_   _| | __| |   \ 
   | |   | _|  \__ \   | |     \__ \   | |    / _ \  |   /   | |   | _|  | |) |
   |_|   |___| |___/   |_|     |___/   |_|   /_/ \_\ |_|_\   |_|   |___| |___/ 

Flujo completo de creación y consulta de reserva de asiento(gestión-de-reservas-en-el-inventario;flujo-completo-de-creación-y-consulta-de-reserva-de-asiento)
--------------------------------------------------------------------------------
[Test worker] INFO  - ?[92m|-- Dado que el "Sistema" tiene acceso a la API de Inventario?[0m
[Test worker] INFO  - ?[92m|-- Cuando realiza una reserva para:
| eventId | seatId | customerId |
| 11111111-1111-1111-1111-111111111111 | 53c62727-a1ae-3700-b0b9-50a196733f22 | 770e8400-e29b-41d4-a716-446655440002 |?[0m
[Test worker] INFO  - ?[92m|---- Sistema crea una reserva para el evento ReservationRequest(eventId=11111111-1111-1111-1111-111111111111, seatId=53c62727-a1ae-3700-b0b9-50a196733f22, customerId=770e8400-e29b-41d4-a716-446655440002).eventId?[0m
[Test worker] INFO  - ?[92m|------ Sistema executes a POST on the resource /reservations?[0m
[Test worker] INFO  - ?[92m|-- Entonces el código de respuesta debe ser 201?[0m
[Test worker] INFO  - ?[92m|---- El c&oacute;digo de respuesta es correcto?[0m
[Test worker] INFO  - ?[91mSTEP FAILURE: java.lang.AssertionError: 1 expectation failed.
Expected status code <201> but was <409>.
?[0m
[Test worker] INFO  - ?[91mSTEP FAILURE: java.lang.AssertionError: 1 expectation failed.
Expected status code <201> but was <409>.
?[0m
[Test worker] INFO  - ?[92m|------ Y la respuesta debe contener un "reservationId" válido?[0m
[Test worker] INFO  - ?[33m      -> STEP IGNORED?[0m
[Test worker] INFO  - ?[92m|------ Cuando consulta la reserva por su ID?[0m
[Test worker] INFO  - ?[33m      -> STEP IGNORED?[0m
[Test worker] INFO  - ?[92m|------ Entonces el código de respuesta debe ser 200?[0m
[Test worker] INFO  - ?[33m      -> STEP IGNORED?[0m
[Test worker] INFO  - ?[92m|------ Y la reserva debe tener el estado "active"?[0m
[Test worker] INFO  - ?[33m      -> STEP IGNORED?[0m
[Test worker] ERROR  - ?[91m
  _____   ___   ___   _____     ___     _     ___   _      ___   ___  
 |_   _| | __| / __| |_   _|   | __|   /_\   |_ _| | |    | __| |   \ 
   | |   | _|  \__ \   | |     | _|   / _ \   | |  | |__  | _|  | |) |
   |_|   |___| |___/   |_|     |_|   /_/ \_\ |___| |____| |___| |___/ 

Flujo completo de creación y consulta de reserva de asiento
-----------------------------------------------------------------------?[0m
[Test worker] ERROR  - ?[91m    Test failed at step: El código de respuesta es correcto?[0m
[Test worker] ERROR  - ?[91m    1 expectation failed.Expected status code <201> but was <409>.?[0m
]]></system-err>
</testsuite>
